<?xml version="1.0" encoding="UTF-8"?>
<!-- Generated by org.testng.reporters.JUnitReportReporter -->
<testsuite hostname="DESKTOP-CO7MEAO" failures="0" tests="3" name="com.vTiger.VTigerRegression" time="11.718" errors="1" timestamp="2024-03-15T11:19:44 IST" skipped="1">
  <testcase classname="com.vTiger.VTigerRegression" name="creatLeads" time="11.698"/>
  <system-out/>
  <testcase classname="com.vTiger.VTigerRegression" name="closeBrowser" time="0.019">
    <error type="java.lang.StackOverflowError">
      <![CDATA[java.lang.StackOverflowError
at com.vTiger.VTigerRegression.closeBrowser(VTigerRegression.java:66)
at com.vTiger.VTigerRegression.closeBrowser(VTigerRegression.java:66)
at com.vTiger.VTigerRegression.closeBrowser(VTigerRegression.java:66)
at com.vTiger.VTigerRegression.closeBrowser(VTigerRegression.java:66)
at com.vTiger.VTigerRegression.closeBrowser(VTigerRegression.java:66)
at com.vTiger.VTigerRegression.closeBrowser(VTigerRegression.java:66)
at com.vTiger.VTigerRegression.closeBrowser(VTigerRegression.java:66)
at com.vTiger.VTigerRegression.closeBrowser(VTigerRegression.java:66)
at com.vTiger.VTigerRegression.closeBrowser(VTigerRegression.java:66)
at com.vTiger.VTigerRegression.closeBrowser(VTigerRegression.java:66)
at com.vTiger.VTigerRegression.closeBrowser(VTigerRegression.java:66)
at com.vTiger.VTigerRegression.closeBrowser(VTigerRegression.java:66)
at com.vTiger.VTigerRegression.closeBrowser(VTigerRegression.java:66)
at com.vTiger.VTigerRegression.closeBrowser(VTigerRegression.java:66)
at com.vTiger.VTigerRegression.closeBrowser(VTigerRegression.java:66)
at com.vTiger.VTigerRegression.closeBrowser(VTigerRegression.java:66)
at com.vTiger.VTigerRegression.closeBrowser(VTigerRegression.java:66)
at com.vTiger.VTigerRegression.closeBrowser(VTigerRegression.java:66)
at com.vTiger.VTigerRegression.closeBrowser(VTigerRegression.java:66)
at com.vTiger.VTigerRegression.closeBrowser(VTigerRegression.java:66)
at com.vTiger.VTigerRegression.closeBrowser(VTigerRegression.java:66)
at com.vTiger.VTigerRegression.closeBrowser(VTigerRegression.java:66)
at com.vTiger.VTigerRegression.closeBrowser(VTigerRegression.java:66)
at com.vTiger.VTigerRegression.closeBrowser(VTigerRegression.java:66)
at com.vTiger.VTigerRegression.closeBrowser(VTigerRegression.java:66)
at com.vTiger.VTigerRegression.closeBrowser(VTigerRegression.java:66)
at com.vTiger.VTigerRegression.closeBrowser(VTigerRegression.java:66)
at com.vTiger.VTigerRegression.closeBrowser(VTigerRegression.java:66)
at com.vTiger.VTigerRegression.closeBrowser(VTigerRegression.java:66)
at com.vTiger.VTigerRegression.closeBrowser(VTigerRegression.java:66)
at com.vTiger.VTigerRegression.closeBrowser(VTigerRegression.java:66)
at com.vTiger.VTigerRegression.closeBrowser(VTigerRegression.java:66)
at com.vTiger.VTigerRegression.closeBrowser(VTigerRegression.java:66)
at com.vTiger.VTigerRegression.closeBrowser(VTigerRegression.java:66)
at com.vTiger.VTigerRegression.closeBrowser(VTigerRegression.java:66)
at com.vTiger.VTigerRegression.closeBrowser(VTigerRegression.java:66)
at com.vTiger.VTigerRegression.closeBrowser(VTigerRegression.java:66)
at com.vTiger.VTigerRegression.closeBrowser(VTigerRegression.java:66)
at com.vTiger.VTigerRegression.closeBrowser(VTigerRegression.java:66)
at com.vTiger.VTigerRegression.closeBrowser(VTigerRegression.java:66)
at com.vTiger.VTigerRegression.closeBrowser(VTigerRegression.java:66)
at com.vTiger.VTigerRegression.closeBrowser(VTigerRegression.java:66)
at com.vTiger.VTigerRegression.closeBrowser(VTigerRegression.java:66)
at com.vTiger.VTigerRegression.closeBrowser(VTigerRegression.java:66)
at com.vTiger.VTigerRegression.closeBrowser(VTigerRegression.java:66)
at com.vTiger.VTigerRegression.closeBrowser(VTigerRegression.java:66)
at com.vTiger.VTigerRegression.closeBrowser(VTigerRegression.java:66)
at com.vTiger.VTigerRegression.closeBrowser(VTigerRegression.java:66)
at com.vTiger.VTigerRegression.closeBrowser(VTigerRegression.java:66)
at com.vTiger.VTigerRegression.closeBrowser(VTigerRegression.java:66)
at com.vTiger.VTigerRegression.closeBrowser(VTigerRegression.java:66)
at com.vTiger.VTigerRegression.closeBrowser(VTigerRegression.java:66)
at com.vTiger.VTigerRegression.closeBrowser(VTigerRegression.java:66)
at com.vTiger.VTigerRegression.closeBrowser(VTigerRegression.java:66)
at com.vTiger.VTigerRegression.closeBrowser(VTigerRegression.java:66)
at com.vTiger.VTigerRegression.closeBrowser(VTigerRegression.java:66)
at com.vTiger.VTigerRegression.closeBrowser(VTigerRegression.java:66)
at com.vTiger.VTigerRegression.closeBrowser(VTigerRegression.java:66)
at com.vTiger.VTigerRegression.closeBrowser(VTigerRegression.java:66)
at com.vTiger.VTigerRegression.closeBrowser(VTigerRegression.java:66)
at com.vTiger.VTigerRegression.closeBrowser(VTigerRegression.java:66)
at com.vTiger.VTigerRegression.closeBrowser(VTigerRegression.java:66)
at com.vTiger.VTigerRegression.closeBrowser(VTigerRegression.java:66)
at com.vTiger.VTigerRegression.closeBrowser(VTigerRegression.java:66)
at com.vTiger.VTigerRegression.closeBrowser(VTigerRegression.java:66)
at com.vTiger.VTigerRegression.closeBrowser(VTigerRegression.java:66)
at com.vTiger.VTigerRegression.closeBrowser(VTigerRegression.java:66)
at com.vTiger.VTigerRegression.closeBrowser(VTigerRegression.java:66)
at com.vTiger.VTigerRegression.closeBrowser(VTigerRegression.java:66)
at com.vTiger.VTigerRegression.closeBrowser(VTigerRegression.java:66)
at com.vTiger.VTigerRegression.closeBrowser(VTigerRegression.java:66)
at com.vTiger.VTigerRegression.closeBrowser(VTigerRegression.java:66)
at com.vTiger.VTigerRegression.closeBrowser(VTigerRegression.java:66)
at com.vTiger.VTigerRegression.closeBrowser(VTigerRegression.java:66)
at com.vTiger.VTigerRegression.closeBrowser(VTigerRegression.java:66)
at com.vTiger.VTigerRegression.closeBrowser(VTigerRegression.java:66)
at com.vTiger.VTigerRegression.closeBrowser(VTigerRegression.java:66)
at com.vTiger.VTigerRegression.closeBrowser(VTigerRegression.java:66)
at com.vTiger.VTigerRegression.closeBrowser(VTigerRegression.java:66)
at com.vTiger.VTigerRegression.closeBrowser(VTigerRegression.java:66)
at com.vTiger.VTigerRegression.closeBrowser(VTigerRegression.java:66)
at com.vTiger.VTigerRegression.closeBrowser(VTigerRegression.java:66)
at com.vTiger.VTigerRegression.closeBrowser(VTigerRegression.java:66)
at com.vTiger.VTigerRegression.closeBrowser(VTigerRegression.java:66)
at com.vTiger.VTigerRegression.closeBrowser(VTigerRegression.java:66)
at com.vTiger.VTigerRegression.closeBrowser(VTigerRegression.java:66)
at com.vTiger.VTigerRegression.closeBrowser(VTigerRegression.java:66)
at com.vTiger.VTigerRegression.closeBrowser(VTigerRegression.java:66)
at com.vTiger.VTigerRegression.closeBrowser(VTigerRegression.java:66)
at com.vTiger.VTigerRegression.closeBrowser(VTigerRegression.java:66)
at com.vTiger.VTigerRegression.closeBrowser(VTigerRegression.java:66)
at com.vTiger.VTigerRegression.closeBrowser(VTigerRegression.java:66)
at com.vTiger.VTigerRegression.closeBrowser(VTigerRegression.java:66)
at com.vTiger.VTigerRegression.closeBrowser(VTigerRegression.java:66)
at com.vTiger.VTigerRegression.closeBrowser(VTigerRegression.java:66)
at com.vTiger.VTigerRegression.closeBrowser(VTigerRegression.java:66)
at com.vTiger.VTigerRegression.closeBrowser(VTigerRegression.java:66)
at com.vTiger.VTigerRegression.closeBrowser(VTigerRegression.java:66)
at com.vTiger.VTigerRegression.closeBrowser(VTigerRegression.java:66)
at com.vTiger.VTigerRegression.closeBrowser(VTigerRegression.java:66)
at com.vTiger.VTigerRegression.closeBrowser(VTigerRegression.java:66)
at com.vTiger.VTigerRegression.closeBrowser(VTigerRegression.java:66)
at com.vTiger.VTigerRegression.closeBrowser(VTigerRegression.java:66)
at com.vTiger.VTigerRegression.closeBrowser(VTigerRegression.java:66)
at com.vTiger.VTigerRegression.closeBrowser(VTigerRegression.java:66)
at com.vTiger.VTigerRegression.closeBrowser(VTigerRegression.java:66)
at com.vTiger.VTigerRegression.closeBrowser(VTigerRegression.java:66)
at com.vTiger.VTigerRegression.closeBrowser(VTigerRegression.java:66)
at com.vTiger.VTigerRegression.closeBrowser(VTigerRegression.java:66)
at com.vTiger.VTigerRegression.closeBrowser(VTigerRegression.java:66)
at com.vTiger.VTigerRegression.closeBrowser(VTigerRegression.java:66)
at com.vTiger.VTigerRegression.closeBrowser(VTigerRegression.java:66)
at com.vTiger.VTigerRegression.closeBrowser(VTigerRegression.java:66)
at com.vTiger.VTigerRegression.closeBrowser(VTigerRegression.java:66)
at com.vTiger.VTigerRegression.closeBrowser(VTigerRegression.java:66)
at com.vTiger.VTigerRegression.closeBrowser(VTigerRegression.java:66)
at com.vTiger.VTigerRegression.closeBrowser(VTigerRegression.java:66)
at com.vTiger.VTigerRegression.closeBrowser(VTigerRegression.java:66)
at com.vTiger.VTigerRegression.closeBrowser(VTigerRegression.java:66)
at com.vTiger.VTigerRegression.closeBrowser(VTigerRegression.java:66)
at com.vTiger.VTigerRegression.closeBrowser(VTigerRegression.java:66)
at com.vTiger.VTigerRegression.closeBrowser(VTigerRegression.java:66)
at com.vTiger.VTigerRegression.closeBrowser(VTigerRegression.java:66)
at com.vTiger.VTigerRegression.closeBrowser(VTigerRegression.java:66)
at com.vTiger.VTigerRegression.closeBrowser(VTigerRegression.java:66)
at com.vTiger.VTigerRegression.closeBrowser(VTigerRegression.java:66)
at com.vTiger.VTigerRegression.closeBrowser(VTigerRegression.java:66)
at com.vTiger.VTigerRegression.closeBrowser(VTigerRegression.java:66)
at com.vTiger.VTigerRegression.closeBrowser(VTigerRegression.java:66)
at com.vTiger.VTigerRegression.closeBrowser(VTigerRegression.java:66)
at com.vTiger.VTigerRegression.closeBrowser(VTigerRegression.java:66)
at com.vTiger.VTigerRegression.closeBrowser(VTigerRegression.java:66)
at com.vTiger.VTigerRegression.closeBrowser(VTigerRegression.java:66)
at com.vTiger.VTigerRegression.closeBrowser(VTigerRegression.java:66)
at com.vTiger.VTigerRegression.closeBrowser(VTigerRegression.java:66)
at com.vTiger.VTigerRegression.closeBrowser(VTigerRegression.java:66)
at com.vTiger.VTigerRegression.closeBrowser(VTigerRegression.java:66)
at com.vTiger.VTigerRegression.closeBrowser(VTigerRegression.java:66)
at com.vTiger.VTigerRegression.closeBrowser(VTigerRegression.java:66)
at com.vTiger.VTigerRegression.closeBrowser(VTigerRegression.java:66)
at com.vTiger.VTigerRegression.closeBrowser(VTigerRegression.java:66)
at com.vTiger.VTigerRegression.closeBrowser(VTigerRegression.java:66)
at com.vTiger.VTigerRegression.closeBrowser(VTigerRegression.java:66)
at com.vTiger.VTigerRegression.closeBrowser(VTigerRegression.java:66)
at com.vTiger.VTigerRegression.closeBrowser(VTigerRegression.java:66)
at com.vTiger.VTigerRegression.closeBrowser(VTigerRegression.java:66)
at com.vTiger.VTigerRegression.closeBrowser(VTigerRegression.java:66)
at com.vTiger.VTigerRegression.closeBrowser(VTigerRegression.java:66)
at com.vTiger.VTigerRegression.closeBrowser(VTigerRegression.java:66)
at com.vTiger.VTigerRegression.closeBrowser(VTigerRegression.java:66)
at com.vTiger.VTigerRegression.closeBrowser(VTigerRegression.java:66)
at com.vTiger.VTigerRegression.closeBrowser(VTigerRegression.java:66)
at com.vTiger.VTigerRegression.closeBrowser(VTigerRegression.java:66)
at com.vTiger.VTigerRegression.closeBrowser(VTigerRegression.java:66)
at com.vTiger.VTigerRegression.closeBrowser(VTigerRegression.java:66)
at com.vTiger.VTigerRegression.closeBrowser(VTigerRegression.java:66)
at com.vTiger.VTigerRegression.closeBrowser(VTigerRegression.java:66)
at com.vTiger.VTigerRegression.closeBrowser(VTigerRegression.java:66)
at com.vTiger.VTigerRegression.closeBrowser(VTigerRegression.java:66)
at com.vTiger.VTigerRegression.closeBrowser(VTigerRegression.java:66)
at com.vTiger.VTigerRegression.closeBrowser(VTigerRegression.java:66)
at com.vTiger.VTigerRegression.closeBrowser(VTigerRegression.java:66)
at com.vTiger.VTigerRegression.closeBrowser(VTigerRegression.java:66)
at com.vTiger.VTigerRegression.closeBrowser(VTigerRegression.java:66)
at com.vTiger.VTigerRegression.closeBrowser(VTigerRegression.java:66)
at com.vTiger.VTigerRegression.closeBrowser(VTigerRegression.java:66)
at com.vTiger.VTigerRegression.closeBrowser(VTigerRegression.java:66)
at com.vTiger.VTigerRegression.closeBrowser(VTigerRegression.java:66)
at com.vTiger.VTigerRegression.closeBrowser(VTigerRegression.java:66)
at com.vTiger.VTigerRegression.closeBrowser(VTigerRegression.java:66)
at com.vTiger.VTigerRegression.closeBrowser(VTigerRegression.java:66)
at com.vTiger.VTigerRegression.closeBrowser(VTigerRegression.java:66)
at com.vTiger.VTigerRegression.closeBrowser(VTigerRegression.java:66)
at com.vTiger.VTigerRegression.closeBrowser(VTigerRegression.java:66)
at com.vTiger.VTigerRegression.closeBrowser(VTigerRegression.java:66)
at com.vTiger.VTigerRegression.closeBrowser(VTigerRegression.java:66)
at com.vTiger.VTigerRegression.closeBrowser(VTigerRegression.java:66)
at com.vTiger.VTigerRegression.closeBrowser(VTigerRegression.java:66)
at com.vTiger.VTigerRegression.closeBrowser(VTigerRegression.java:66)
at com.vTiger.VTigerRegression.closeBrowser(VTigerRegression.java:66)
at com.vTiger.VTigerRegression.closeBrowser(VTigerRegression.java:66)
at com.vTiger.VTigerRegression.closeBrowser(VTigerRegression.java:66)
at com.vTiger.VTigerRegression.closeBrowser(VTigerRegression.java:66)
at com.vTiger.VTigerRegression.closeBrowser(VTigerRegression.java:66)
at com.vTiger.VTigerRegression.closeBrowser(VTigerRegression.java:66)
at com.vTiger.VTigerRegression.closeBrowser(VTigerRegression.java:66)
at com.vTiger.VTigerRegression.closeBrowser(VTigerRegression.java:66)
at com.vTiger.VTigerRegression.closeBrowser(VTigerRegression.java:66)
at com.vTiger.VTigerRegression.closeBrowser(VTigerRegression.java:66)
at com.vTiger.VTigerRegression.closeBrowser(VTigerRegression.java:66)
at com.vTiger.VTigerRegression.closeBrowser(VTigerRegression.java:66)
at com.vTiger.VTigerRegression.closeBrowser(VTigerRegression.java:66)
at com.vTiger.VTigerRegression.closeBrowser(VTigerRegression.java:66)
at com.vTiger.VTigerRegression.closeBrowser(VTigerRegression.java:66)
at com.vTiger.VTigerRegression.closeBrowser(VTigerRegression.java:66)
at com.vTiger.VTigerRegression.closeBrowser(VTigerRegression.java:66)
at com.vTiger.VTigerRegression.closeBrowser(VTigerRegression.java:66)
at com.vTiger.VTigerRegression.closeBrowser(VTigerRegression.java:66)
at com.vTiger.VTigerRegression.closeBrowser(VTigerRegression.java:66)
at com.vTiger.VTigerRegression.closeBrowser(VTigerRegression.java:66)
at com.vTiger.VTigerRegression.closeBrowser(VTigerRegression.java:66)
at com.vTiger.VTigerRegression.closeBrowser(VTigerRegression.java:66)
at com.vTiger.VTigerRegression.closeBrowser(VTigerRegression.java:66)
at com.vTiger.VTigerRegression.closeBrowser(VTigerRegression.java:66)
at com.vTiger.VTigerRegression.closeBrowser(VTigerRegression.java:66)
at com.vTiger.VTigerRegression.closeBrowser(VTigerRegression.java:66)
at com.vTiger.VTigerRegression.closeBrowser(VTigerRegression.java:66)
at com.vTiger.VTigerRegression.closeBrowser(VTigerRegression.java:66)
at com.vTiger.VTigerRegression.closeBrowser(VTigerRegression.java:66)
at com.vTiger.VTigerRegression.closeBrowser(VTigerRegression.java:66)
at com.vTiger.VTigerRegression.closeBrowser(VTigerRegression.java:66)
at com.vTiger.VTigerRegression.closeBrowser(VTigerRegression.java:66)
at com.vTiger.VTigerRegression.closeBrowser(VTigerRegression.java:66)
at com.vTiger.VTigerRegression.closeBrowser(VTigerRegression.java:66)
at com.vTiger.VTigerRegression.closeBrowser(VTigerRegression.java:66)
at com.vTiger.VTigerRegression.closeBrowser(VTigerRegression.java:66)
at com.vTiger.VTigerRegression.closeBrowser(VTigerRegression.java:66)
at com.vTiger.VTigerRegression.closeBrowser(VTigerRegression.java:66)
at com.vTiger.VTigerRegression.closeBrowser(VTigerRegression.java:66)
at com.vTiger.VTigerRegression.closeBrowser(VTigerRegression.java:66)
at com.vTiger.VTigerRegression.closeBrowser(VTigerRegression.java:66)
at com.vTiger.VTigerRegression.closeBrowser(VTigerRegression.java:66)
at com.vTiger.VTigerRegression.closeBrowser(VTigerRegression.java:66)
at com.vTiger.VTigerRegression.closeBrowser(VTigerRegression.java:66)
at com.vTiger.VTigerRegression.closeBrowser(VTigerRegression.java:66)
at com.vTiger.VTigerRegression.closeBrowser(VTigerRegression.java:66)
at com.vTiger.VTigerRegression.closeBrowser(VTigerRegression.java:66)
at com.vTiger.VTigerRegression.closeBrowser(VTigerRegression.java:66)
at com.vTiger.VTigerRegression.closeBrowser(VTigerRegression.java:66)
at com.vTiger.VTigerRegression.closeBrowser(VTigerRegression.java:66)
at com.vTiger.VTigerRegression.closeBrowser(VTigerRegression.java:66)
at com.vTiger.VTigerRegression.closeBrowser(VTigerRegression.java:66)
at com.vTiger.VTigerRegression.closeBrowser(VTigerRegression.java:66)
at com.vTiger.VTigerRegression.closeBrowser(VTigerRegression.java:66)
at com.vTiger.VTigerRegression.closeBrowser(VTigerRegression.java:66)
at com.vTiger.VTigerRegression.closeBrowser(VTigerRegression.java:66)
at com.vTiger.VTigerRegression.closeBrowser(VTigerRegression.java:66)
at com.vTiger.VTigerRegression.closeBrowser(VTigerRegression.java:66)
at com.vTiger.VTigerRegression.closeBrowser(VTigerRegression.java:66)
at com.vTiger.VTigerRegression.closeBrowser(VTigerRegression.java:66)
at com.vTiger.VTigerRegression.closeBrowser(VTigerRegression.java:66)
at com.vTiger.VTigerRegression.closeBrowser(VTigerRegression.java:66)
at com.vTiger.VTigerRegression.closeBrowser(VTigerRegression.java:66)
at com.vTiger.VTigerRegression.closeBrowser(VTigerRegression.java:66)
at com.vTiger.VTigerRegression.closeBrowser(VTigerRegression.java:66)
at com.vTiger.VTigerRegression.closeBrowser(VTigerRegression.java:66)
at com.vTiger.VTigerRegression.closeBrowser(VTigerRegression.java:66)
at com.vTiger.VTigerRegression.closeBrowser(VTigerRegression.java:66)
at com.vTiger.VTigerRegression.closeBrowser(VTigerRegression.java:66)
at com.vTiger.VTigerRegression.closeBrowser(VTigerRegression.java:66)
at com.vTiger.VTigerRegression.closeBrowser(VTigerRegression.java:66)
at com.vTiger.VTigerRegression.closeBrowser(VTigerRegression.java:66)
at com.vTiger.VTigerRegression.closeBrowser(VTigerRegression.java:66)
at com.vTiger.VTigerRegression.closeBrowser(VTigerRegression.java:66)
at com.vTiger.VTigerRegression.closeBrowser(VTigerRegression.java:66)
at com.vTiger.VTigerRegression.closeBrowser(VTigerRegression.java:66)
at com.vTiger.VTigerRegression.closeBrowser(VTigerRegression.java:66)
at com.vTiger.VTigerRegression.closeBrowser(VTigerRegression.java:66)
at com.vTiger.VTigerRegression.closeBrowser(VTigerRegression.java:66)
at com.vTiger.VTigerRegression.closeBrowser(VTigerRegression.java:66)
at com.vTiger.VTigerRegression.closeBrowser(VTigerRegression.java:66)
at com.vTiger.VTigerRegression.closeBrowser(VTigerRegression.java:66)
at com.vTiger.VTigerRegression.closeBrowser(VTigerRegression.java:66)
at com.vTiger.VTigerRegression.closeBrowser(VTigerRegression.java:66)
at com.vTiger.VTigerRegression.closeBrowser(VTigerRegression.java:66)
at com.vTiger.VTigerRegression.closeBrowser(VTigerRegression.java:66)
at com.vTiger.VTigerRegression.closeBrowser(VTigerRegression.java:66)
at com.vTiger.VTigerRegression.closeBrowser(VTigerRegression.java:66)
at com.vTiger.VTigerRegression.closeBrowser(VTigerRegression.java:66)
at com.vTiger.VTigerRegression.closeBrowser(VTigerRegression.java:66)
at com.vTiger.VTigerRegression.closeBrowser(VTigerRegression.java:66)
at com.vTiger.VTigerRegression.closeBrowser(VTigerRegression.java:66)
at com.vTiger.VTigerRegression.closeBrowser(VTigerRegression.java:66)
at com.vTiger.VTigerRegression.closeBrowser(VTigerRegression.java:66)
at com.vTiger.VTigerRegression.closeBrowser(VTigerRegression.java:66)
at com.vTiger.VTigerRegression.closeBrowser(VTigerRegression.java:66)
at com.vTiger.VTigerRegression.closeBrowser(VTigerRegression.java:66)
at com.vTiger.VTigerRegression.closeBrowser(VTigerRegression.java:66)
at com.vTiger.VTigerRegression.closeBrowser(VTigerRegression.java:66)
at com.vTiger.VTigerRegression.closeBrowser(VTigerRegression.java:66)
at com.vTiger.VTigerRegression.closeBrowser(VTigerRegression.java:66)
at com.vTiger.VTigerRegression.closeBrowser(VTigerRegression.java:66)
at com.vTiger.VTigerRegression.closeBrowser(VTigerRegression.java:66)
at com.vTiger.VTigerRegression.closeBrowser(VTigerRegression.java:66)
at com.vTiger.VTigerRegression.closeBrowser(VTigerRegression.java:66)
at com.vTiger.VTigerRegression.closeBrowser(VTigerRegression.java:66)
at com.vTiger.VTigerRegression.closeBrowser(VTigerRegression.java:66)
at com.vTiger.VTigerRegression.closeBrowser(VTigerRegression.java:66)
at com.vTiger.VTigerRegression.closeBrowser(VTigerRegression.java:66)
at com.vTiger.VTigerRegression.closeBrowser(VTigerRegression.java:66)
at com.vTiger.VTigerRegression.closeBrowser(VTigerRegression.java:66)
at com.vTiger.VTigerRegression.closeBrowser(VTigerRegression.java:66)
at com.vTiger.VTigerRegression.closeBrowser(VTigerRegression.java:66)
at com.vTiger.VTigerRegression.closeBrowser(VTigerRegression.java:66)
at com.vTiger.VTigerRegression.closeBrowser(VTigerRegression.java:66)
at com.vTiger.VTigerRegression.closeBrowser(VTigerRegression.java:66)
at com.vTiger.VTigerRegression.closeBrowser(VTigerRegression.java:66)
at com.vTiger.VTigerRegression.closeBrowser(VTigerRegression.java:66)
at com.vTiger.VTigerRegression.closeBrowser(VTigerRegression.java:66)
at com.vTiger.VTigerRegression.closeBrowser(VTigerRegression.java:66)
at com.vTiger.VTigerRegression.closeBrowser(VTigerRegression.java:66)
at com.vTiger.VTigerRegression.closeBrowser(VTigerRegression.java:66)
at com.vTiger.VTigerRegression.closeBrowser(VTigerRegression.java:66)
at com.vTiger.VTigerRegression.closeBrowser(VTigerRegression.java:66)
at com.vTiger.VTigerRegression.closeBrowser(VTigerRegression.java:66)
at com.vTiger.VTigerRegression.closeBrowser(VTigerRegression.java:66)
at com.vTiger.VTigerRegression.closeBrowser(VTigerRegression.java:66)
at com.vTiger.VTigerRegression.closeBrowser(VTigerRegression.java:66)
at com.vTiger.VTigerRegression.closeBrowser(VTigerRegression.java:66)
at com.vTiger.VTigerRegression.closeBrowser(VTigerRegression.java:66)
at com.vTiger.VTigerRegression.closeBrowser(VTigerRegression.java:66)
at com.vTiger.VTigerRegression.closeBrowser(VTigerRegression.java:66)
at com.vTiger.VTigerRegression.closeBrowser(VTigerRegression.java:66)
at com.vTiger.VTigerRegression.closeBrowser(VTigerRegression.java:66)
at com.vTiger.VTigerRegression.closeBrowser(VTigerRegression.java:66)
at com.vTiger.VTigerRegression.closeBrowser(VTigerRegression.java:66)
at com.vTiger.VTigerRegression.closeBrowser(VTigerRegression.java:66)
at com.vTiger.VTigerRegression.closeBrowser(VTigerRegression.java:66)
at com.vTiger.VTigerRegression.closeBrowser(VTigerRegression.java:66)
at com.vTiger.VTigerRegression.closeBrowser(VTigerRegression.java:66)
at com.vTiger.VTigerRegression.closeBrowser(VTigerRegression.java:66)
at com.vTiger.VTigerRegression.closeBrowser(VTigerRegression.java:66)
at com.vTiger.VTigerRegression.closeBrowser(VTigerRegression.java:66)
at com.vTiger.VTigerRegression.closeBrowser(VTigerRegression.java:66)
at com.vTiger.VTigerRegression.closeBrowser(VTigerRegression.java:66)
at com.vTiger.VTigerRegression.closeBrowser(VTigerRegression.java:66)
at com.vTiger.VTigerRegression.closeBrowser(VTigerRegression.java:66)
at com.vTiger.VTigerRegression.closeBrowser(VTigerRegression.java:66)
at com.vTiger.VTigerRegression.closeBrowser(VTigerRegression.java:66)
at com.vTiger.VTigerRegression.closeBrowser(VTigerRegression.java:66)
at com.vTiger.VTigerRegression.closeBrowser(VTigerRegression.java:66)
at com.vTiger.VTigerRegression.closeBrowser(VTigerRegression.java:66)
at com.vTiger.VTigerRegression.closeBrowser(VTigerRegression.java:66)
at com.vTiger.VTigerRegression.closeBrowser(VTigerRegression.java:66)
at com.vTiger.VTigerRegression.closeBrowser(VTigerRegression.java:66)
at com.vTiger.VTigerRegression.closeBrowser(VTigerRegression.java:66)
at com.vTiger.VTigerRegression.closeBrowser(VTigerRegression.java:66)
at com.vTiger.VTigerRegression.closeBrowser(VTigerRegression.java:66)
at com.vTiger.VTigerRegression.closeBrowser(VTigerRegression.java:66)
at com.vTiger.VTigerRegression.closeBrowser(VTigerRegression.java:66)
at com.vTiger.VTigerRegression.closeBrowser(VTigerRegression.java:66)
at com.vTiger.VTigerRegression.closeBrowser(VTigerRegression.java:66)
at com.vTiger.VTigerRegression.closeBrowser(VTigerRegression.java:66)
at com.vTiger.VTigerRegression.closeBrowser(VTigerRegression.java:66)
at com.vTiger.VTigerRegression.closeBrowser(VTigerRegression.java:66)
at com.vTiger.VTigerRegression.closeBrowser(VTigerRegression.java:66)
at com.vTiger.VTigerRegression.closeBrowser(VTigerRegression.java:66)
at com.vTiger.VTigerRegression.closeBrowser(VTigerRegression.java:66)
at com.vTiger.VTigerRegression.closeBrowser(VTigerRegression.java:66)
at com.vTiger.VTigerRegression.closeBrowser(VTigerRegression.java:66)
at com.vTiger.VTigerRegression.closeBrowser(VTigerRegression.java:66)
at com.vTiger.VTigerRegression.closeBrowser(VTigerRegression.java:66)
at com.vTiger.VTigerRegression.closeBrowser(VTigerRegression.java:66)
at com.vTiger.VTigerRegression.closeBrowser(VTigerRegression.java:66)
at com.vTiger.VTigerRegression.closeBrowser(VTigerRegression.java:66)
at com.vTiger.VTigerRegression.closeBrowser(VTigerRegression.java:66)
at com.vTiger.VTigerRegression.closeBrowser(VTigerRegression.java:66)
at com.vTiger.VTigerRegression.closeBrowser(VTigerRegression.java:66)
at com.vTiger.VTigerRegression.closeBrowser(VTigerRegression.java:66)
at com.vTiger.VTigerRegression.closeBrowser(VTigerRegression.java:66)
at com.vTiger.VTigerRegression.closeBrowser(VTigerRegression.java:66)
at com.vTiger.VTigerRegression.closeBrowser(VTigerRegression.java:66)
at com.vTiger.VTigerRegression.closeBrowser(VTigerRegression.java:66)
at com.vTiger.VTigerRegression.closeBrowser(VTigerRegression.java:66)
at com.vTiger.VTigerRegression.closeBrowser(VTigerRegression.java:66)
at com.vTiger.VTigerRegression.closeBrowser(VTigerRegression.java:66)
at com.vTiger.VTigerRegression.closeBrowser(VTigerRegression.java:66)
at com.vTiger.VTigerRegression.closeBrowser(VTigerRegression.java:66)
at com.vTiger.VTigerRegression.closeBrowser(VTigerRegression.java:66)
at com.vTiger.VTigerRegression.closeBrowser(VTigerRegression.java:66)
at com.vTiger.VTigerRegression.closeBrowser(VTigerRegression.java:66)
at com.vTiger.VTigerRegression.closeBrowser(VTigerRegression.java:66)
at com.vTiger.VTigerRegression.closeBrowser(VTigerRegression.java:66)
at com.vTiger.VTigerRegression.closeBrowser(VTigerRegression.java:66)
at com.vTiger.VTigerRegression.closeBrowser(VTigerRegression.java:66)
at com.vTiger.VTigerRegression.closeBrowser(VTigerRegression.java:66)
at com.vTiger.VTigerRegression.closeBrowser(VTigerRegression.java:66)
at com.vTiger.VTigerRegression.closeBrowser(VTigerRegression.java:66)
at com.vTiger.VTigerRegression.closeBrowser(VTigerRegression.java:66)
at com.vTiger.VTigerRegression.closeBrowser(VTigerRegression.java:66)
at com.vTiger.VTigerRegression.closeBrowser(VTigerRegression.java:66)
at com.vTiger.VTigerRegression.closeBrowser(VTigerRegression.java:66)
at com.vTiger.VTigerRegression.closeBrowser(VTigerRegression.java:66)
at com.vTiger.VTigerRegression.closeBrowser(VTigerRegression.java:66)
at com.vTiger.VTigerRegression.closeBrowser(VTigerRegression.java:66)
at com.vTiger.VTigerRegression.closeBrowser(VTigerRegression.java:66)
at com.vTiger.VTigerRegression.closeBrowser(VTigerRegression.java:66)
at com.vTiger.VTigerRegression.closeBrowser(VTigerRegression.java:66)
at com.vTiger.VTigerRegression.closeBrowser(VTigerRegression.java:66)
at com.vTiger.VTigerRegression.closeBrowser(VTigerRegression.java:66)
at com.vTiger.VTigerRegression.closeBrowser(VTigerRegression.java:66)
at com.vTiger.VTigerRegression.closeBrowser(VTigerRegression.java:66)
at com.vTiger.VTigerRegression.closeBrowser(VTigerRegression.java:66)
at com.vTiger.VTigerRegression.closeBrowser(VTigerRegression.java:66)
at com.vTiger.VTigerRegression.closeBrowser(VTigerRegression.java:66)
at com.vTiger.VTigerRegression.closeBrowser(VTigerRegression.java:66)
at com.vTiger.VTigerRegression.closeBrowser(VTigerRegression.java:66)
at com.vTiger.VTigerRegression.closeBrowser(VTigerRegression.java:66)
at com.vTiger.VTigerRegression.closeBrowser(VTigerRegression.java:66)
at com.vTiger.VTigerRegression.closeBrowser(VTigerRegression.java:66)
at com.vTiger.VTigerRegression.closeBrowser(VTigerRegression.java:66)
at com.vTiger.VTigerRegression.closeBrowser(VTigerRegression.java:66)
at com.vTiger.VTigerRegression.closeBrowser(VTigerRegression.java:66)
at com.vTiger.VTigerRegression.closeBrowser(VTigerRegression.java:66)
at com.vTiger.VTigerRegression.closeBrowser(VTigerRegression.java:66)
at com.vTiger.VTigerRegression.closeBrowser(VTigerRegression.java:66)
at com.vTiger.VTigerRegression.closeBrowser(VTigerRegression.java:66)
at com.vTiger.VTigerRegression.closeBrowser(VTigerRegression.java:66)
at com.vTiger.VTigerRegression.closeBrowser(VTigerRegression.java:66)
at com.vTiger.VTigerRegression.closeBrowser(VTigerRegression.java:66)
at com.vTiger.VTigerRegression.closeBrowser(VTigerRegression.java:66)
at com.vTiger.VTigerRegression.closeBrowser(VTigerRegression.java:66)
at com.vTiger.VTigerRegression.closeBrowser(VTigerRegression.java:66)
at com.vTiger.VTigerRegression.closeBrowser(VTigerRegression.java:66)
at com.vTiger.VTigerRegression.closeBrowser(VTigerRegression.java:66)
at com.vTiger.VTigerRegression.closeBrowser(VTigerRegression.java:66)
at com.vTiger.VTigerRegression.closeBrowser(VTigerRegression.java:66)
at com.vTiger.VTigerRegression.closeBrowser(VTigerRegression.java:66)
at com.vTiger.VTigerRegression.closeBrowser(VTigerRegression.java:66)
at com.vTiger.VTigerRegression.closeBrowser(VTigerRegression.java:66)
at com.vTiger.VTigerRegression.closeBrowser(VTigerRegression.java:66)
at com.vTiger.VTigerRegression.closeBrowser(VTigerRegression.java:66)
at com.vTiger.VTigerRegression.closeBrowser(VTigerRegression.java:66)
at com.vTiger.VTigerRegression.closeBrowser(VTigerRegression.java:66)
at com.vTiger.VTigerRegression.closeBrowser(VTigerRegression.java:66)
at com.vTiger.VTigerRegression.closeBrowser(VTigerRegression.java:66)
at com.vTiger.VTigerRegression.closeBrowser(VTigerRegression.java:66)
at com.vTiger.VTigerRegression.closeBrowser(VTigerRegression.java:66)
at com.vTiger.VTigerRegression.closeBrowser(VTigerRegression.java:66)
at com.vTiger.VTigerRegression.closeBrowser(VTigerRegression.java:66)
at com.vTiger.VTigerRegression.closeBrowser(VTigerRegression.java:66)
at com.vTiger.VTigerRegression.closeBrowser(VTigerRegression.java:66)
at com.vTiger.VTigerRegression.closeBrowser(VTigerRegression.java:66)
at com.vTiger.VTigerRegression.closeBrowser(VTigerRegression.java:66)
at com.vTiger.VTigerRegression.closeBrowser(VTigerRegression.java:66)
at com.vTiger.VTigerRegression.closeBrowser(VTigerRegression.java:66)
at com.vTiger.VTigerRegression.closeBrowser(VTigerRegression.java:66)
at com.vTiger.VTigerRegression.closeBrowser(VTigerRegression.java:66)
at com.vTiger.VTigerRegression.closeBrowser(VTigerRegression.java:66)
at com.vTiger.VTigerRegression.closeBrowser(VTigerRegression.java:66)
at com.vTiger.VTigerRegression.closeBrowser(VTigerRegression.java:66)
at com.vTiger.VTigerRegression.closeBrowser(VTigerRegression.java:66)
at com.vTiger.VTigerRegression.closeBrowser(VTigerRegression.java:66)
at com.vTiger.VTigerRegression.closeBrowser(VTigerRegression.java:66)
at com.vTiger.VTigerRegression.closeBrowser(VTigerRegression.java:66)
at com.vTiger.VTigerRegression.closeBrowser(VTigerRegression.java:66)
at com.vTiger.VTigerRegression.closeBrowser(VTigerRegression.java:66)
at com.vTiger.VTigerRegression.closeBrowser(VTigerRegression.java:66)
at com.vTiger.VTigerRegression.closeBrowser(VTigerRegression.java:66)
at com.vTiger.VTigerRegression.closeBrowser(VTigerRegression.java:66)
at com.vTiger.VTigerRegression.closeBrowser(VTigerRegression.java:66)
at com.vTiger.VTigerRegression.closeBrowser(VTigerRegression.java:66)
at com.vTiger.VTigerRegression.closeBrowser(VTigerRegression.java:66)
at com.vTiger.VTigerRegression.closeBrowser(VTigerRegression.java:66)
at com.vTiger.VTigerRegression.closeBrowser(VTigerRegression.java:66)
at com.vTiger.VTigerRegression.closeBrowser(VTigerRegression.java:66)
at com.vTiger.VTigerRegression.closeBrowser(VTigerRegression.java:66)
at com.vTiger.VTigerRegression.closeBrowser(VTigerRegression.java:66)
at com.vTiger.VTigerRegression.closeBrowser(VTigerRegression.java:66)
at com.vTiger.VTigerRegression.closeBrowser(VTigerRegression.java:66)
at com.vTiger.VTigerRegression.closeBrowser(VTigerRegression.java:66)
at com.vTiger.VTigerRegression.closeBrowser(VTigerRegression.java:66)
at com.vTiger.VTigerRegression.closeBrowser(VTigerRegression.java:66)
at com.vTiger.VTigerRegression.closeBrowser(VTigerRegression.java:66)
at com.vTiger.VTigerRegression.closeBrowser(VTigerRegression.java:66)
at com.vTiger.VTigerRegression.closeBrowser(VTigerRegression.java:66)
at com.vTiger.VTigerRegression.closeBrowser(VTigerRegression.java:66)
at com.vTiger.VTigerRegression.closeBrowser(VTigerRegression.java:66)
at com.vTiger.VTigerRegression.closeBrowser(VTigerRegression.java:66)
at com.vTiger.VTigerRegression.closeBrowser(VTigerRegression.java:66)
at com.vTiger.VTigerRegression.closeBrowser(VTigerRegression.java:66)
at com.vTiger.VTigerRegression.closeBrowser(VTigerRegression.java:66)
at com.vTiger.VTigerRegression.closeBrowser(VTigerRegression.java:66)
at com.vTiger.VTigerRegression.closeBrowser(VTigerRegression.java:66)
at com.vTiger.VTigerRegression.closeBrowser(VTigerRegression.java:66)
at com.vTiger.VTigerRegression.closeBrowser(VTigerRegression.java:66)
at com.vTiger.VTigerRegression.closeBrowser(VTigerRegression.java:66)
at com.vTiger.VTigerRegression.closeBrowser(VTigerRegression.java:66)
at com.vTiger.VTigerRegression.closeBrowser(VTigerRegression.java:66)
at com.vTiger.VTigerRegression.closeBrowser(VTigerRegression.java:66)
at com.vTiger.VTigerRegression.closeBrowser(VTigerRegression.java:66)
at com.vTiger.VTigerRegression.closeBrowser(VTigerRegression.java:66)
at com.vTiger.VTigerRegression.closeBrowser(VTigerRegression.java:66)
at com.vTiger.VTigerRegression.closeBrowser(VTigerRegression.java:66)
at com.vTiger.VTigerRegression.closeBrowser(VTigerRegression.java:66)
at com.vTiger.VTigerRegression.closeBrowser(VTigerRegression.java:66)
at com.vTiger.VTigerRegression.closeBrowser(VTigerRegression.java:66)
at com.vTiger.VTigerRegression.closeBrowser(VTigerRegression.java:66)
at com.vTiger.VTigerRegression.closeBrowser(VTigerRegression.java:66)
at com.vTiger.VTigerRegression.closeBrowser(VTigerRegression.java:66)
at com.vTiger.VTigerRegression.closeBrowser(VTigerRegression.java:66)
at com.vTiger.VTigerRegression.closeBrowser(VTigerRegression.java:66)
at com.vTiger.VTigerRegression.closeBrowser(VTigerRegression.java:66)
at com.vTiger.VTigerRegression.closeBrowser(VTigerRegression.java:66)
at com.vTiger.VTigerRegression.closeBrowser(VTigerRegression.java:66)
at com.vTiger.VTigerRegression.closeBrowser(VTigerRegression.java:66)
at com.vTiger.VTigerRegression.closeBrowser(VTigerRegression.java:66)
at com.vTiger.VTigerRegression.closeBrowser(VTigerRegression.java:66)
at com.vTiger.VTigerRegression.closeBrowser(VTigerRegression.java:66)
at com.vTiger.VTigerRegression.closeBrowser(VTigerRegression.java:66)
at com.vTiger.VTigerRegression.closeBrowser(VTigerRegression.java:66)
at com.vTiger.VTigerRegression.closeBrowser(VTigerRegression.java:66)
at com.vTiger.VTigerRegression.closeBrowser(VTigerRegression.java:66)
at com.vTiger.VTigerRegression.closeBrowser(VTigerRegression.java:66)
at com.vTiger.VTigerRegression.closeBrowser(VTigerRegression.java:66)
at com.vTiger.VTigerRegression.closeBrowser(VTigerRegression.java:66)
at com.vTiger.VTigerRegression.closeBrowser(VTigerRegression.java:66)
at com.vTiger.VTigerRegression.closeBrowser(VTigerRegression.java:66)
at com.vTiger.VTigerRegression.closeBrowser(VTigerRegression.java:66)
at com.vTiger.VTigerRegression.closeBrowser(VTigerRegression.java:66)
at com.vTiger.VTigerRegression.closeBrowser(VTigerRegression.java:66)
at com.vTiger.VTigerRegression.closeBrowser(VTigerRegression.java:66)
at com.vTiger.VTigerRegression.closeBrowser(VTigerRegression.java:66)
at com.vTiger.VTigerRegression.closeBrowser(VTigerRegression.java:66)
at com.vTiger.VTigerRegression.closeBrowser(VTigerRegression.java:66)
at com.vTiger.VTigerRegression.closeBrowser(VTigerRegression.java:66)
at com.vTiger.VTigerRegression.closeBrowser(VTigerRegression.java:66)
at com.vTiger.VTigerRegression.closeBrowser(VTigerRegression.java:66)
at com.vTiger.VTigerRegression.closeBrowser(VTigerRegression.java:66)
at com.vTiger.VTigerRegression.closeBrowser(VTigerRegression.java:66)
at com.vTiger.VTigerRegression.closeBrowser(VTigerRegression.java:66)
at com.vTiger.VTigerRegression.closeBrowser(VTigerRegression.java:66)
at com.vTiger.VTigerRegression.closeBrowser(VTigerRegression.java:66)
at com.vTiger.VTigerRegression.closeBrowser(VTigerRegression.java:66)
at com.vTiger.VTigerRegression.closeBrowser(VTigerRegression.java:66)
at com.vTiger.VTigerRegression.closeBrowser(VTigerRegression.java:66)
at com.vTiger.VTigerRegression.closeBrowser(VTigerRegression.java:66)
at com.vTiger.VTigerRegression.closeBrowser(VTigerRegression.java:66)
at com.vTiger.VTigerRegression.closeBrowser(VTigerRegression.java:66)
at com.vTiger.VTigerRegression.closeBrowser(VTigerRegression.java:66)
at com.vTiger.VTigerRegression.closeBrowser(VTigerRegression.java:66)
at com.vTiger.VTigerRegression.closeBrowser(VTigerRegression.java:66)
at com.vTiger.VTigerRegression.closeBrowser(VTigerRegression.java:66)
at com.vTiger.VTigerRegression.closeBrowser(VTigerRegression.java:66)
at com.vTiger.VTigerRegression.closeBrowser(VTigerRegression.java:66)
at com.vTiger.VTigerRegression.closeBrowser(VTigerRegression.java:66)
at com.vTiger.VTigerRegression.closeBrowser(VTigerRegression.java:66)
at com.vTiger.VTigerRegression.closeBrowser(VTigerRegression.java:66)
at com.vTiger.VTigerRegression.closeBrowser(VTigerRegression.java:66)
at com.vTiger.VTigerRegression.closeBrowser(VTigerRegression.java:66)
at com.vTiger.VTigerRegression.closeBrowser(VTigerRegression.java:66)
at com.vTiger.VTigerRegression.closeBrowser(VTigerRegression.java:66)
at com.vTiger.VTigerRegression.closeBrowser(VTigerRegression.java:66)
at com.vTiger.VTigerRegression.closeBrowser(VTigerRegression.java:66)
at com.vTiger.VTigerRegression.closeBrowser(VTigerRegression.java:66)
at com.vTiger.VTigerRegression.closeBrowser(VTigerRegression.java:66)
at com.vTiger.VTigerRegression.closeBrowser(VTigerRegression.java:66)
at com.vTiger.VTigerRegression.closeBrowser(VTigerRegression.java:66)
at com.vTiger.VTigerRegression.closeBrowser(VTigerRegression.java:66)
at com.vTiger.VTigerRegression.closeBrowser(VTigerRegression.java:66)
at com.vTiger.VTigerRegression.closeBrowser(VTigerRegression.java:66)
at com.vTiger.VTigerRegression.closeBrowser(VTigerRegression.java:66)
at com.vTiger.VTigerRegression.closeBrowser(VTigerRegression.java:66)
at com.vTiger.VTigerRegression.closeBrowser(VTigerRegression.java:66)
at com.vTiger.VTigerRegression.closeBrowser(VTigerRegression.java:66)
at com.vTiger.VTigerRegression.closeBrowser(VTigerRegression.java:66)
at com.vTiger.VTigerRegression.closeBrowser(VTigerRegression.java:66)
at com.vTiger.VTigerRegression.closeBrowser(VTigerRegression.java:66)
at com.vTiger.VTigerRegression.closeBrowser(VTigerRegression.java:66)
at com.vTiger.VTigerRegression.closeBrowser(VTigerRegression.java:66)
at com.vTiger.VTigerRegression.closeBrowser(VTigerRegression.java:66)
at com.vTiger.VTigerRegression.closeBrowser(VTigerRegression.java:66)
at com.vTiger.VTigerRegression.closeBrowser(VTigerRegression.java:66)
at com.vTiger.VTigerRegression.closeBrowser(VTigerRegression.java:66)
at com.vTiger.VTigerRegression.closeBrowser(VTigerRegression.java:66)
at com.vTiger.VTigerRegression.closeBrowser(VTigerRegression.java:66)
at com.vTiger.VTigerRegression.closeBrowser(VTigerRegression.java:66)
at com.vTiger.VTigerRegression.closeBrowser(VTigerRegression.java:66)
at com.vTiger.VTigerRegression.closeBrowser(VTigerRegression.java:66)
at com.vTiger.VTigerRegression.closeBrowser(VTigerRegression.java:66)
at com.vTiger.VTigerRegression.closeBrowser(VTigerRegression.java:66)
at com.vTiger.VTigerRegression.closeBrowser(VTigerRegression.java:66)
at com.vTiger.VTigerRegression.closeBrowser(VTigerRegression.java:66)
at com.vTiger.VTigerRegression.closeBrowser(VTigerRegression.java:66)
at com.vTiger.VTigerRegression.closeBrowser(VTigerRegression.java:66)
at com.vTiger.VTigerRegression.closeBrowser(VTigerRegression.java:66)
at com.vTiger.VTigerRegression.closeBrowser(VTigerRegression.java:66)
at com.vTiger.VTigerRegression.closeBrowser(VTigerRegression.java:66)
at com.vTiger.VTigerRegression.closeBrowser(VTigerRegression.java:66)
at com.vTiger.VTigerRegression.closeBrowser(VTigerRegression.java:66)
at com.vTiger.VTigerRegression.closeBrowser(VTigerRegression.java:66)
at com.vTiger.VTigerRegression.closeBrowser(VTigerRegression.java:66)
at com.vTiger.VTigerRegression.closeBrowser(VTigerRegression.java:66)
at com.vTiger.VTigerRegression.closeBrowser(VTigerRegression.java:66)
at com.vTiger.VTigerRegression.closeBrowser(VTigerRegression.java:66)
at com.vTiger.VTigerRegression.closeBrowser(VTigerRegression.java:66)
at com.vTiger.VTigerRegression.closeBrowser(VTigerRegression.java:66)
at com.vTiger.VTigerRegression.closeBrowser(VTigerRegression.java:66)
at com.vTiger.VTigerRegression.closeBrowser(VTigerRegression.java:66)
at com.vTiger.VTigerRegression.closeBrowser(VTigerRegression.java:66)
at com.vTiger.VTigerRegression.closeBrowser(VTigerRegression.java:66)
at com.vTiger.VTigerRegression.closeBrowser(VTigerRegression.java:66)
at com.vTiger.VTigerRegression.closeBrowser(VTigerRegression.java:66)
at com.vTiger.VTigerRegression.closeBrowser(VTigerRegression.java:66)
at com.vTiger.VTigerRegression.closeBrowser(VTigerRegression.java:66)
at com.vTiger.VTigerRegression.closeBrowser(VTigerRegression.java:66)
at com.vTiger.VTigerRegression.closeBrowser(VTigerRegression.java:66)
at com.vTiger.VTigerRegression.closeBrowser(VTigerRegression.java:66)
at com.vTiger.VTigerRegression.closeBrowser(VTigerRegression.java:66)
at com.vTiger.VTigerRegression.closeBrowser(VTigerRegression.java:66)
at com.vTiger.VTigerRegression.closeBrowser(VTigerRegression.java:66)
at com.vTiger.VTigerRegression.closeBrowser(VTigerRegression.java:66)
at com.vTiger.VTigerRegression.closeBrowser(VTigerRegression.java:66)
at com.vTiger.VTigerRegression.closeBrowser(VTigerRegression.java:66)
at com.vTiger.VTigerRegression.closeBrowser(VTigerRegression.java:66)
at com.vTiger.VTigerRegression.closeBrowser(VTigerRegression.java:66)
at com.vTiger.VTigerRegression.closeBrowser(VTigerRegression.java:66)
at com.vTiger.VTigerRegression.closeBrowser(VTigerRegression.java:66)
at com.vTiger.VTigerRegression.closeBrowser(VTigerRegression.java:66)
at com.vTiger.VTigerRegression.closeBrowser(VTigerRegression.java:66)
at com.vTiger.VTigerRegression.closeBrowser(VTigerRegression.java:66)
at com.vTiger.VTigerRegression.closeBrowser(VTigerRegression.java:66)
at com.vTiger.VTigerRegression.closeBrowser(VTigerRegression.java:66)
at com.vTiger.VTigerRegression.closeBrowser(VTigerRegression.java:66)
at com.vTiger.VTigerRegression.closeBrowser(VTigerRegression.java:66)
at com.vTiger.VTigerRegression.closeBrowser(VTigerRegression.java:66)
at com.vTiger.VTigerRegression.closeBrowser(VTigerRegression.java:66)
at com.vTiger.VTigerRegression.closeBrowser(VTigerRegression.java:66)
at com.vTiger.VTigerRegression.closeBrowser(VTigerRegression.java:66)
at com.vTiger.VTigerRegression.closeBrowser(VTigerRegression.java:66)
at com.vTiger.VTigerRegression.closeBrowser(VTigerRegression.java:66)
at com.vTiger.VTigerRegression.closeBrowser(VTigerRegression.java:66)
at com.vTiger.VTigerRegression.closeBrowser(VTigerRegression.java:66)
at com.vTiger.VTigerRegression.closeBrowser(VTigerRegression.java:66)
at com.vTiger.VTigerRegression.closeBrowser(VTigerRegression.java:66)
at com.vTiger.VTigerRegression.closeBrowser(VTigerRegression.java:66)
at com.vTiger.VTigerRegression.closeBrowser(VTigerRegression.java:66)
at com.vTiger.VTigerRegression.closeBrowser(VTigerRegression.java:66)
at com.vTiger.VTigerRegression.closeBrowser(VTigerRegression.java:66)
at com.vTiger.VTigerRegression.closeBrowser(VTigerRegression.java:66)
at com.vTiger.VTigerRegression.closeBrowser(VTigerRegression.java:66)
at com.vTiger.VTigerRegression.closeBrowser(VTigerRegression.java:66)
at com.vTiger.VTigerRegression.closeBrowser(VTigerRegression.java:66)
at com.vTiger.VTigerRegression.closeBrowser(VTigerRegression.java:66)
at com.vTiger.VTigerRegression.closeBrowser(VTigerRegression.java:66)
at com.vTiger.VTigerRegression.closeBrowser(VTigerRegression.java:66)
at com.vTiger.VTigerRegression.closeBrowser(VTigerRegression.java:66)
at com.vTiger.VTigerRegression.closeBrowser(VTigerRegression.java:66)
at com.vTiger.VTigerRegression.closeBrowser(VTigerRegression.java:66)
at com.vTiger.VTigerRegression.closeBrowser(VTigerRegression.java:66)
at com.vTiger.VTigerRegression.closeBrowser(VTigerRegression.java:66)
at com.vTiger.VTigerRegression.closeBrowser(VTigerRegression.java:66)
at com.vTiger.VTigerRegression.closeBrowser(VTigerRegression.java:66)
at com.vTiger.VTigerRegression.closeBrowser(VTigerRegression.java:66)
at com.vTiger.VTigerRegression.closeBrowser(VTigerRegression.java:66)
at com.vTiger.VTigerRegression.closeBrowser(VTigerRegression.java:66)
at com.vTiger.VTigerRegression.closeBrowser(VTigerRegression.java:66)
at com.vTiger.VTigerRegression.closeBrowser(VTigerRegression.java:66)
at com.vTiger.VTigerRegression.closeBrowser(VTigerRegression.java:66)
at com.vTiger.VTigerRegression.closeBrowser(VTigerRegression.java:66)
at com.vTiger.VTigerRegression.closeBrowser(VTigerRegression.java:66)
at com.vTiger.VTigerRegression.closeBrowser(VTigerRegression.java:66)
at com.vTiger.VTigerRegression.closeBrowser(VTigerRegression.java:66)
at com.vTiger.VTigerRegression.closeBrowser(VTigerRegression.java:66)
at com.vTiger.VTigerRegression.closeBrowser(VTigerRegression.java:66)
at com.vTiger.VTigerRegression.closeBrowser(VTigerRegression.java:66)
at com.vTiger.VTigerRegression.closeBrowser(VTigerRegression.java:66)
at com.vTiger.VTigerRegression.closeBrowser(VTigerRegression.java:66)
at com.vTiger.VTigerRegression.closeBrowser(VTigerRegression.java:66)
at com.vTiger.VTigerRegression.closeBrowser(VTigerRegression.java:66)
at com.vTiger.VTigerRegression.closeBrowser(VTigerRegression.java:66)
at com.vTiger.VTigerRegression.closeBrowser(VTigerRegression.java:66)
at com.vTiger.VTigerRegression.closeBrowser(VTigerRegression.java:66)
at com.vTiger.VTigerRegression.closeBrowser(VTigerRegression.java:66)
at com.vTiger.VTigerRegression.closeBrowser(VTigerRegression.java:66)
at com.vTiger.VTigerRegression.closeBrowser(VTigerRegression.java:66)
at com.vTiger.VTigerRegression.closeBrowser(VTigerRegression.java:66)
at com.vTiger.VTigerRegression.closeBrowser(VTigerRegression.java:66)
at com.vTiger.VTigerRegression.closeBrowser(VTigerRegression.java:66)
at com.vTiger.VTigerRegression.closeBrowser(VTigerRegression.java:66)
at com.vTiger.VTigerRegression.closeBrowser(VTigerRegression.java:66)
at com.vTiger.VTigerRegression.closeBrowser(VTigerRegression.java:66)
at com.vTiger.VTigerRegression.closeBrowser(VTigerRegression.java:66)
at com.vTiger.VTigerRegression.closeBrowser(VTigerRegression.java:66)
at com.vTiger.VTigerRegression.closeBrowser(VTigerRegression.java:66)
at com.vTiger.VTigerRegression.closeBrowser(VTigerRegression.java:66)
at com.vTiger.VTigerRegression.closeBrowser(VTigerRegression.java:66)
at com.vTiger.VTigerRegression.closeBrowser(VTigerRegression.java:66)
at com.vTiger.VTigerRegression.closeBrowser(VTigerRegression.java:66)
at com.vTiger.VTigerRegression.closeBrowser(VTigerRegression.java:66)
at com.vTiger.VTigerRegression.closeBrowser(VTigerRegression.java:66)
at com.vTiger.VTigerRegression.closeBrowser(VTigerRegression.java:66)
at com.vTiger.VTigerRegression.closeBrowser(VTigerRegression.java:66)
at com.vTiger.VTigerRegression.closeBrowser(VTigerRegression.java:66)
at com.vTiger.VTigerRegression.closeBrowser(VTigerRegression.java:66)
at com.vTiger.VTigerRegression.closeBrowser(VTigerRegression.java:66)
at com.vTiger.VTigerRegression.closeBrowser(VTigerRegression.java:66)
at com.vTiger.VTigerRegression.closeBrowser(VTigerRegression.java:66)
at com.vTiger.VTigerRegression.closeBrowser(VTigerRegression.java:66)
at com.vTiger.VTigerRegression.closeBrowser(VTigerRegression.java:66)
at com.vTiger.VTigerRegression.closeBrowser(VTigerRegression.java:66)
at com.vTiger.VTigerRegression.closeBrowser(VTigerRegression.java:66)
at com.vTiger.VTigerRegression.closeBrowser(VTigerRegression.java:66)
at com.vTiger.VTigerRegression.closeBrowser(VTigerRegression.java:66)
at com.vTiger.VTigerRegression.closeBrowser(VTigerRegression.java:66)
at com.vTiger.VTigerRegression.closeBrowser(VTigerRegression.java:66)
at com.vTiger.VTigerRegression.closeBrowser(VTigerRegression.java:66)
at com.vTiger.VTigerRegression.closeBrowser(VTigerRegression.java:66)
at com.vTiger.VTigerRegression.closeBrowser(VTigerRegression.java:66)
at com.vTiger.VTigerRegression.closeBrowser(VTigerRegression.java:66)
at com.vTiger.VTigerRegression.closeBrowser(VTigerRegression.java:66)
at com.vTiger.VTigerRegression.closeBrowser(VTigerRegression.java:66)
at com.vTiger.VTigerRegression.closeBrowser(VTigerRegression.java:66)
at com.vTiger.VTigerRegression.closeBrowser(VTigerRegression.java:66)
at com.vTiger.VTigerRegression.closeBrowser(VTigerRegression.java:66)
at com.vTiger.VTigerRegression.closeBrowser(VTigerRegression.java:66)
at com.vTiger.VTigerRegression.closeBrowser(VTigerRegression.java:66)
at com.vTiger.VTigerRegression.closeBrowser(VTigerRegression.java:66)
at com.vTiger.VTigerRegression.closeBrowser(VTigerRegression.java:66)
at com.vTiger.VTigerRegression.closeBrowser(VTigerRegression.java:66)
at com.vTiger.VTigerRegression.closeBrowser(VTigerRegression.java:66)
at com.vTiger.VTigerRegression.closeBrowser(VTigerRegression.java:66)
at com.vTiger.VTigerRegression.closeBrowser(VTigerRegression.java:66)
at com.vTiger.VTigerRegression.closeBrowser(VTigerRegression.java:66)
at com.vTiger.VTigerRegression.closeBrowser(VTigerRegression.java:66)
at com.vTiger.VTigerRegression.closeBrowser(VTigerRegression.java:66)
at com.vTiger.VTigerRegression.closeBrowser(VTigerRegression.java:66)
at com.vTiger.VTigerRegression.closeBrowser(VTigerRegression.java:66)
at com.vTiger.VTigerRegression.closeBrowser(VTigerRegression.java:66)
at com.vTiger.VTigerRegression.closeBrowser(VTigerRegression.java:66)
at com.vTiger.VTigerRegression.closeBrowser(VTigerRegression.java:66)
at com.vTiger.VTigerRegression.closeBrowser(VTigerRegression.java:66)
at com.vTiger.VTigerRegression.closeBrowser(VTigerRegression.java:66)
at com.vTiger.VTigerRegression.closeBrowser(VTigerRegression.java:66)
at com.vTiger.VTigerRegression.closeBrowser(VTigerRegression.java:66)
at com.vTiger.VTigerRegression.closeBrowser(VTigerRegression.java:66)
at com.vTiger.VTigerRegression.closeBrowser(VTigerRegression.java:66)
at com.vTiger.VTigerRegression.closeBrowser(VTigerRegression.java:66)
at com.vTiger.VTigerRegression.closeBrowser(VTigerRegression.java:66)
at com.vTiger.VTigerRegression.closeBrowser(VTigerRegression.java:66)
at com.vTiger.VTigerRegression.closeBrowser(VTigerRegression.java:66)
at com.vTiger.VTigerRegression.closeBrowser(VTigerRegression.java:66)
at com.vTiger.VTigerRegression.closeBrowser(VTigerRegression.java:66)
at com.vTiger.VTigerRegression.closeBrowser(VTigerRegression.java:66)
at com.vTiger.VTigerRegression.closeBrowser(VTigerRegression.java:66)
at com.vTiger.VTigerRegression.closeBrowser(VTigerRegression.java:66)
at com.vTiger.VTigerRegression.closeBrowser(VTigerRegression.java:66)
at com.vTiger.VTigerRegression.closeBrowser(VTigerRegression.java:66)
at com.vTiger.VTigerRegression.closeBrowser(VTigerRegression.java:66)
at com.vTiger.VTigerRegression.closeBrowser(VTigerRegression.java:66)
at com.vTiger.VTigerRegression.closeBrowser(VTigerRegression.java:66)
at com.vTiger.VTigerRegression.closeBrowser(VTigerRegression.java:66)
at com.vTiger.VTigerRegression.closeBrowser(VTigerRegression.java:66)
at com.vTiger.VTigerRegression.closeBrowser(VTigerRegression.java:66)
at com.vTiger.VTigerRegression.closeBrowser(VTigerRegression.java:66)
at com.vTiger.VTigerRegression.closeBrowser(VTigerRegression.java:66)
at com.vTiger.VTigerRegression.closeBrowser(VTigerRegression.java:66)
at com.vTiger.VTigerRegression.closeBrowser(VTigerRegression.java:66)
at com.vTiger.VTigerRegression.closeBrowser(VTigerRegression.java:66)
at com.vTiger.VTigerRegression.closeBrowser(VTigerRegression.java:66)
at com.vTiger.VTigerRegression.closeBrowser(VTigerRegression.java:66)
at com.vTiger.VTigerRegression.closeBrowser(VTigerRegression.java:66)
at com.vTiger.VTigerRegression.closeBrowser(VTigerRegression.java:66)
at com.vTiger.VTigerRegression.closeBrowser(VTigerRegression.java:66)
at com.vTiger.VTigerRegression.closeBrowser(VTigerRegression.java:66)
at com.vTiger.VTigerRegression.closeBrowser(VTigerRegression.java:66)
at com.vTiger.VTigerRegression.closeBrowser(VTigerRegression.java:66)
at com.vTiger.VTigerRegression.closeBrowser(VTigerRegression.java:66)
at com.vTiger.VTigerRegression.closeBrowser(VTigerRegression.java:66)
at com.vTiger.VTigerRegression.closeBrowser(VTigerRegression.java:66)
at com.vTiger.VTigerRegression.closeBrowser(VTigerRegression.java:66)
at com.vTiger.VTigerRegression.closeBrowser(VTigerRegression.java:66)
at com.vTiger.VTigerRegression.closeBrowser(VTigerRegression.java:66)
at com.vTiger.VTigerRegression.closeBrowser(VTigerRegression.java:66)
at com.vTiger.VTigerRegression.closeBrowser(VTigerRegression.java:66)
at com.vTiger.VTigerRegression.closeBrowser(VTigerRegression.java:66)
at com.vTiger.VTigerRegression.closeBrowser(VTigerRegression.java:66)
at com.vTiger.VTigerRegression.closeBrowser(VTigerRegression.java:66)
at com.vTiger.VTigerRegression.closeBrowser(VTigerRegression.java:66)
at com.vTiger.VTigerRegression.closeBrowser(VTigerRegression.java:66)
at com.vTiger.VTigerRegression.closeBrowser(VTigerRegression.java:66)
at com.vTiger.VTigerRegression.closeBrowser(VTigerRegression.java:66)
at com.vTiger.VTigerRegression.closeBrowser(VTigerRegression.java:66)
at com.vTiger.VTigerRegression.closeBrowser(VTigerRegression.java:66)
at com.vTiger.VTigerRegression.closeBrowser(VTigerRegression.java:66)
at com.vTiger.VTigerRegression.closeBrowser(VTigerRegression.java:66)
at com.vTiger.VTigerRegression.closeBrowser(VTigerRegression.java:66)
at com.vTiger.VTigerRegression.closeBrowser(VTigerRegression.java:66)
at com.vTiger.VTigerRegression.closeBrowser(VTigerRegression.java:66)
at com.vTiger.VTigerRegression.closeBrowser(VTigerRegression.java:66)
at com.vTiger.VTigerRegression.closeBrowser(VTigerRegression.java:66)
at com.vTiger.VTigerRegression.closeBrowser(VTigerRegression.java:66)
at com.vTiger.VTigerRegression.closeBrowser(VTigerRegression.java:66)
at com.vTiger.VTigerRegression.closeBrowser(VTigerRegression.java:66)
at com.vTiger.VTigerRegression.closeBrowser(VTigerRegression.java:66)
at com.vTiger.VTigerRegression.closeBrowser(VTigerRegression.java:66)
at com.vTiger.VTigerRegression.closeBrowser(VTigerRegression.java:66)
at com.vTiger.VTigerRegression.closeBrowser(VTigerRegression.java:66)
at com.vTiger.VTigerRegression.closeBrowser(VTigerRegression.java:66)
at com.vTiger.VTigerRegression.closeBrowser(VTigerRegression.java:66)
at com.vTiger.VTigerRegression.closeBrowser(VTigerRegression.java:66)
at com.vTiger.VTigerRegression.closeBrowser(VTigerRegression.java:66)
at com.vTiger.VTigerRegression.closeBrowser(VTigerRegression.java:66)
at com.vTiger.VTigerRegression.closeBrowser(VTigerRegression.java:66)
at com.vTiger.VTigerRegression.closeBrowser(VTigerRegression.java:66)
at com.vTiger.VTigerRegression.closeBrowser(VTigerRegression.java:66)
at com.vTiger.VTigerRegression.closeBrowser(VTigerRegression.java:66)
at com.vTiger.VTigerRegression.closeBrowser(VTigerRegression.java:66)
at com.vTiger.VTigerRegression.closeBrowser(VTigerRegression.java:66)
at com.vTiger.VTigerRegression.closeBrowser(VTigerRegression.java:66)
at com.vTiger.VTigerRegression.closeBrowser(VTigerRegression.java:66)
at com.vTiger.VTigerRegression.closeBrowser(VTigerRegression.java:66)
at com.vTiger.VTigerRegression.closeBrowser(VTigerRegression.java:66)
at com.vTiger.VTigerRegression.closeBrowser(VTigerRegression.java:66)
at com.vTiger.VTigerRegression.closeBrowser(VTigerRegression.java:66)
at com.vTiger.VTigerRegression.closeBrowser(VTigerRegression.java:66)
at com.vTiger.VTigerRegression.closeBrowser(VTigerRegression.java:66)
at com.vTiger.VTigerRegression.closeBrowser(VTigerRegression.java:66)
at com.vTiger.VTigerRegression.closeBrowser(VTigerRegression.java:66)
at com.vTiger.VTigerRegression.closeBrowser(VTigerRegression.java:66)
at com.vTiger.VTigerRegression.closeBrowser(VTigerRegression.java:66)
at com.vTiger.VTigerRegression.closeBrowser(VTigerRegression.java:66)
at com.vTiger.VTigerRegression.closeBrowser(VTigerRegression.java:66)
at com.vTiger.VTigerRegression.closeBrowser(VTigerRegression.java:66)
at com.vTiger.VTigerRegression.closeBrowser(VTigerRegression.java:66)
at com.vTiger.VTigerRegression.closeBrowser(VTigerRegression.java:66)
at com.vTiger.VTigerRegression.closeBrowser(VTigerRegression.java:66)
at com.vTiger.VTigerRegression.closeBrowser(VTigerRegression.java:66)
at com.vTiger.VTigerRegression.closeBrowser(VTigerRegression.java:66)
at com.vTiger.VTigerRegression.closeBrowser(VTigerRegression.java:66)
at com.vTiger.VTigerRegression.closeBrowser(VTigerRegression.java:66)
at com.vTiger.VTigerRegression.closeBrowser(VTigerRegression.java:66)
at com.vTiger.VTigerRegression.closeBrowser(VTigerRegression.java:66)
at com.vTiger.VTigerRegression.closeBrowser(VTigerRegression.java:66)
at com.vTiger.VTigerRegression.closeBrowser(VTigerRegression.java:66)
at com.vTiger.VTigerRegression.closeBrowser(VTigerRegression.java:66)
at com.vTiger.VTigerRegression.closeBrowser(VTigerRegression.java:66)
at com.vTiger.VTigerRegression.closeBrowser(VTigerRegression.java:66)
at com.vTiger.VTigerRegression.closeBrowser(VTigerRegression.java:66)
at com.vTiger.VTigerRegression.closeBrowser(VTigerRegression.java:66)
at com.vTiger.VTigerRegression.closeBrowser(VTigerRegression.java:66)
at com.vTiger.VTigerRegression.closeBrowser(VTigerRegression.java:66)
at com.vTiger.VTigerRegression.closeBrowser(VTigerRegression.java:66)
at com.vTiger.VTigerRegression.closeBrowser(VTigerRegression.java:66)
at com.vTiger.VTigerRegression.closeBrowser(VTigerRegression.java:66)
at com.vTiger.VTigerRegression.closeBrowser(VTigerRegression.java:66)
at com.vTiger.VTigerRegression.closeBrowser(VTigerRegression.java:66)
at com.vTiger.VTigerRegression.closeBrowser(VTigerRegression.java:66)
at com.vTiger.VTigerRegression.closeBrowser(VTigerRegression.java:66)
at com.vTiger.VTigerRegression.closeBrowser(VTigerRegression.java:66)
at com.vTiger.VTigerRegression.closeBrowser(VTigerRegression.java:66)
at com.vTiger.VTigerRegression.closeBrowser(VTigerRegression.java:66)
at com.vTiger.VTigerRegression.closeBrowser(VTigerRegression.java:66)
at com.vTiger.VTigerRegression.closeBrowser(VTigerRegression.java:66)
at com.vTiger.VTigerRegression.closeBrowser(VTigerRegression.java:66)
at com.vTiger.VTigerRegression.closeBrowser(VTigerRegression.java:66)
at com.vTiger.VTigerRegression.closeBrowser(VTigerRegression.java:66)
at com.vTiger.VTigerRegression.closeBrowser(VTigerRegression.java:66)
at com.vTiger.VTigerRegression.closeBrowser(VTigerRegression.java:66)
at com.vTiger.VTigerRegression.closeBrowser(VTigerRegression.java:66)
at com.vTiger.VTigerRegression.closeBrowser(VTigerRegression.java:66)
at com.vTiger.VTigerRegression.closeBrowser(VTigerRegression.java:66)
at com.vTiger.VTigerRegression.closeBrowser(VTigerRegression.java:66)
at com.vTiger.VTigerRegression.closeBrowser(VTigerRegression.java:66)
at com.vTiger.VTigerRegression.closeBrowser(VTigerRegression.java:66)
at com.vTiger.VTigerRegression.closeBrowser(VTigerRegression.java:66)
at com.vTiger.VTigerRegression.closeBrowser(VTigerRegression.java:66)
at com.vTiger.VTigerRegression.closeBrowser(VTigerRegression.java:66)
at com.vTiger.VTigerRegression.closeBrowser(VTigerRegression.java:66)
at com.vTiger.VTigerRegression.closeBrowser(VTigerRegression.java:66)
at com.vTiger.VTigerRegression.closeBrowser(VTigerRegression.java:66)
at com.vTiger.VTigerRegression.closeBrowser(VTigerRegression.java:66)
at com.vTiger.VTigerRegression.closeBrowser(VTigerRegression.java:66)
at com.vTiger.VTigerRegression.closeBrowser(VTigerRegression.java:66)
at com.vTiger.VTigerRegression.closeBrowser(VTigerRegression.java:66)
at com.vTiger.VTigerRegression.closeBrowser(VTigerRegression.java:66)
at com.vTiger.VTigerRegression.closeBrowser(VTigerRegression.java:66)
at com.vTiger.VTigerRegression.closeBrowser(VTigerRegression.java:66)
at com.vTiger.VTigerRegression.closeBrowser(VTigerRegression.java:66)
at com.vTiger.VTigerRegression.closeBrowser(VTigerRegression.java:66)
at com.vTiger.VTigerRegression.closeBrowser(VTigerRegression.java:66)
at com.vTiger.VTigerRegression.closeBrowser(VTigerRegression.java:66)
at com.vTiger.VTigerRegression.closeBrowser(VTigerRegression.java:66)
at com.vTiger.VTigerRegression.closeBrowser(VTigerRegression.java:66)
at com.vTiger.VTigerRegression.closeBrowser(VTigerRegression.java:66)
at com.vTiger.VTigerRegression.closeBrowser(VTigerRegression.java:66)
at com.vTiger.VTigerRegression.closeBrowser(VTigerRegression.java:66)
at com.vTiger.VTigerRegression.closeBrowser(VTigerRegression.java:66)
at com.vTiger.VTigerRegression.closeBrowser(VTigerRegression.java:66)
at com.vTiger.VTigerRegression.closeBrowser(VTigerRegression.java:66)
at com.vTiger.VTigerRegression.closeBrowser(VTigerRegression.java:66)
at com.vTiger.VTigerRegression.closeBrowser(VTigerRegression.java:66)
at com.vTiger.VTigerRegression.closeBrowser(VTigerRegression.java:66)
at com.vTiger.VTigerRegression.closeBrowser(VTigerRegression.java:66)
at com.vTiger.VTigerRegression.closeBrowser(VTigerRegression.java:66)
at com.vTiger.VTigerRegression.closeBrowser(VTigerRegression.java:66)
at com.vTiger.VTigerRegression.closeBrowser(VTigerRegression.java:66)
at com.vTiger.VTigerRegression.closeBrowser(VTigerRegression.java:66)
at com.vTiger.VTigerRegression.closeBrowser(VTigerRegression.java:66)
at com.vTiger.VTigerRegression.closeBrowser(VTigerRegression.java:66)
at com.vTiger.VTigerRegression.closeBrowser(VTigerRegression.java:66)
at com.vTiger.VTigerRegression.closeBrowser(VTigerRegression.java:66)
at com.vTiger.VTigerRegression.closeBrowser(VTigerRegression.java:66)
at com.vTiger.VTigerRegression.closeBrowser(VTigerRegression.java:66)
at com.vTiger.VTigerRegression.closeBrowser(VTigerRegression.java:66)
at com.vTiger.VTigerRegression.closeBrowser(VTigerRegression.java:66)
at com.vTiger.VTigerRegression.closeBrowser(VTigerRegression.java:66)
at com.vTiger.VTigerRegression.closeBrowser(VTigerRegression.java:66)
at com.vTiger.VTigerRegression.closeBrowser(VTigerRegression.java:66)
at com.vTiger.VTigerRegression.closeBrowser(VTigerRegression.java:66)
at com.vTiger.VTigerRegression.closeBrowser(VTigerRegression.java:66)
at com.vTiger.VTigerRegression.closeBrowser(VTigerRegression.java:66)
at com.vTiger.VTigerRegression.closeBrowser(VTigerRegression.java:66)
at com.vTiger.VTigerRegression.closeBrowser(VTigerRegression.java:66)
at com.vTiger.VTigerRegression.closeBrowser(VTigerRegression.java:66)
at com.vTiger.VTigerRegression.closeBrowser(VTigerRegression.java:66)
at com.vTiger.VTigerRegression.closeBrowser(VTigerRegression.java:66)
at com.vTiger.VTigerRegression.closeBrowser(VTigerRegression.java:66)
at com.vTiger.VTigerRegression.closeBrowser(VTigerRegression.java:66)
at com.vTiger.VTigerRegression.closeBrowser(VTigerRegression.java:66)
at com.vTiger.VTigerRegression.closeBrowser(VTigerRegression.java:66)
at com.vTiger.VTigerRegression.closeBrowser(VTigerRegression.java:66)
at com.vTiger.VTigerRegression.closeBrowser(VTigerRegression.java:66)
at com.vTiger.VTigerRegression.closeBrowser(VTigerRegression.java:66)
at com.vTiger.VTigerRegression.closeBrowser(VTigerRegression.java:66)
at com.vTiger.VTigerRegression.closeBrowser(VTigerRegression.java:66)
at com.vTiger.VTigerRegression.closeBrowser(VTigerRegression.java:66)
at com.vTiger.VTigerRegression.closeBrowser(VTigerRegression.java:66)
at com.vTiger.VTigerRegression.closeBrowser(VTigerRegression.java:66)
at com.vTiger.VTigerRegression.closeBrowser(VTigerRegression.java:66)
at com.vTiger.VTigerRegression.closeBrowser(VTigerRegression.java:66)
at com.vTiger.VTigerRegression.closeBrowser(VTigerRegression.java:66)
at com.vTiger.VTigerRegression.closeBrowser(VTigerRegression.java:66)
at com.vTiger.VTigerRegression.closeBrowser(VTigerRegression.java:66)
at com.vTiger.VTigerRegression.closeBrowser(VTigerRegression.java:66)
at com.vTiger.VTigerRegression.closeBrowser(VTigerRegression.java:66)
at com.vTiger.VTigerRegression.closeBrowser(VTigerRegression.java:66)
at com.vTiger.VTigerRegression.closeBrowser(VTigerRegression.java:66)
at com.vTiger.VTigerRegression.closeBrowser(VTigerRegression.java:66)
at com.vTiger.VTigerRegression.closeBrowser(VTigerRegression.java:66)
at com.vTiger.VTigerRegression.closeBrowser(VTigerRegression.java:66)
at com.vTiger.VTigerRegression.closeBrowser(VTigerRegression.java:66)
at com.vTiger.VTigerRegression.closeBrowser(VTigerRegression.java:66)
at com.vTiger.VTigerRegression.closeBrowser(VTigerRegression.java:66)
at com.vTiger.VTigerRegression.closeBrowser(VTigerRegression.java:66)
at com.vTiger.VTigerRegression.closeBrowser(VTigerRegression.java:66)
at com.vTiger.VTigerRegression.closeBrowser(VTigerRegression.java:66)
at com.vTiger.VTigerRegression.closeBrowser(VTigerRegression.java:66)
at com.vTiger.VTigerRegression.closeBrowser(VTigerRegression.java:66)
at com.vTiger.VTigerRegression.closeBrowser(VTigerRegression.java:66)
at com.vTiger.VTigerRegression.closeBrowser(VTigerRegression.java:66)
at com.vTiger.VTigerRegression.closeBrowser(VTigerRegression.java:66)
at com.vTiger.VTigerRegression.closeBrowser(VTigerRegression.java:66)
at com.vTiger.VTigerRegression.closeBrowser(VTigerRegression.java:66)
at com.vTiger.VTigerRegression.closeBrowser(VTigerRegression.java:66)
at com.vTiger.VTigerRegression.closeBrowser(VTigerRegression.java:66)
at com.vTiger.VTigerRegression.closeBrowser(VTigerRegression.java:66)
at com.vTiger.VTigerRegression.closeBrowser(VTigerRegression.java:66)
at com.vTiger.VTigerRegression.closeBrowser(VTigerRegression.java:66)
at com.vTiger.VTigerRegression.closeBrowser(VTigerRegression.java:66)
at com.vTiger.VTigerRegression.closeBrowser(VTigerRegression.java:66)
at com.vTiger.VTigerRegression.closeBrowser(VTigerRegression.java:66)
at com.vTiger.VTigerRegression.closeBrowser(VTigerRegression.java:66)
at com.vTiger.VTigerRegression.closeBrowser(VTigerRegression.java:66)
at com.vTiger.VTigerRegression.closeBrowser(VTigerRegression.java:66)
at com.vTiger.VTigerRegression.closeBrowser(VTigerRegression.java:66)
at com.vTiger.VTigerRegression.closeBrowser(VTigerRegression.java:66)
at com.vTiger.VTigerRegression.closeBrowser(VTigerRegression.java:66)
at com.vTiger.VTigerRegression.closeBrowser(VTigerRegression.java:66)
at com.vTiger.VTigerRegression.closeBrowser(VTigerRegression.java:66)
at com.vTiger.VTigerRegression.closeBrowser(VTigerRegression.java:66)
at com.vTiger.VTigerRegression.closeBrowser(VTigerRegression.java:66)
at com.vTiger.VTigerRegression.closeBrowser(VTigerRegression.java:66)
at com.vTiger.VTigerRegression.closeBrowser(VTigerRegression.java:66)
at com.vTiger.VTigerRegression.closeBrowser(VTigerRegression.java:66)
at com.vTiger.VTigerRegression.closeBrowser(VTigerRegression.java:66)
at com.vTiger.VTigerRegression.closeBrowser(VTigerRegression.java:66)
at com.vTiger.VTigerRegression.closeBrowser(VTigerRegression.java:66)
at com.vTiger.VTigerRegression.closeBrowser(VTigerRegression.java:66)
at com.vTiger.VTigerRegression.closeBrowser(VTigerRegression.java:66)
at com.vTiger.VTigerRegression.closeBrowser(VTigerRegression.java:66)
at com.vTiger.VTigerRegression.closeBrowser(VTigerRegression.java:66)
at com.vTiger.VTigerRegression.closeBrowser(VTigerRegression.java:66)
at com.vTiger.VTigerRegression.closeBrowser(VTigerRegression.java:66)
at com.vTiger.VTigerRegression.closeBrowser(VTigerRegression.java:66)
at com.vTiger.VTigerRegression.closeBrowser(VTigerRegression.java:66)
at com.vTiger.VTigerRegression.closeBrowser(VTigerRegression.java:66)
at com.vTiger.VTigerRegression.closeBrowser(VTigerRegression.java:66)
at com.vTiger.VTigerRegression.closeBrowser(VTigerRegression.java:66)
at com.vTiger.VTigerRegression.closeBrowser(VTigerRegression.java:66)
at com.vTiger.VTigerRegression.closeBrowser(VTigerRegression.java:66)
at com.vTiger.VTigerRegression.closeBrowser(VTigerRegression.java:66)
at com.vTiger.VTigerRegression.closeBrowser(VTigerRegression.java:66)
at com.vTiger.VTigerRegression.closeBrowser(VTigerRegression.java:66)
at com.vTiger.VTigerRegression.closeBrowser(VTigerRegression.java:66)
at com.vTiger.VTigerRegression.closeBrowser(VTigerRegression.java:66)
at com.vTiger.VTigerRegression.closeBrowser(VTigerRegression.java:66)
at com.vTiger.VTigerRegression.closeBrowser(VTigerRegression.java:66)
at com.vTiger.VTigerRegression.closeBrowser(VTigerRegression.java:66)
at com.vTiger.VTigerRegression.closeBrowser(VTigerRegression.java:66)
at com.vTiger.VTigerRegression.closeBrowser(VTigerRegression.java:66)
at com.vTiger.VTigerRegression.closeBrowser(VTigerRegression.java:66)
at com.vTiger.VTigerRegression.closeBrowser(VTigerRegression.java:66)
at com.vTiger.VTigerRegression.closeBrowser(VTigerRegression.java:66)
at com.vTiger.VTigerRegression.closeBrowser(VTigerRegression.java:66)
at com.vTiger.VTigerRegression.closeBrowser(VTigerRegression.java:66)
at com.vTiger.VTigerRegression.closeBrowser(VTigerRegression.java:66)
at com.vTiger.VTigerRegression.closeBrowser(VTigerRegression.java:66)
at com.vTiger.VTigerRegression.closeBrowser(VTigerRegression.java:66)
at com.vTiger.VTigerRegression.closeBrowser(VTigerRegression.java:66)
at com.vTiger.VTigerRegression.closeBrowser(VTigerRegression.java:66)
at com.vTiger.VTigerRegression.closeBrowser(VTigerRegression.java:66)
at com.vTiger.VTigerRegression.closeBrowser(VTigerRegression.java:66)
at com.vTiger.VTigerRegression.closeBrowser(VTigerRegression.java:66)
at com.vTiger.VTigerRegression.closeBrowser(VTigerRegression.java:66)
at com.vTiger.VTigerRegression.closeBrowser(VTigerRegression.java:66)
at com.vTiger.VTigerRegression.closeBrowser(VTigerRegression.java:66)
at com.vTiger.VTigerRegression.closeBrowser(VTigerRegression.java:66)
at com.vTiger.VTigerRegression.closeBrowser(VTigerRegression.java:66)
at com.vTiger.VTigerRegression.closeBrowser(VTigerRegression.java:66)
at com.vTiger.VTigerRegression.closeBrowser(VTigerRegression.java:66)
at com.vTiger.VTigerRegression.closeBrowser(VTigerRegression.java:66)
at com.vTiger.VTigerRegression.closeBrowser(VTigerRegression.java:66)
at com.vTiger.VTigerRegression.closeBrowser(VTigerRegression.java:66)
at com.vTiger.VTigerRegression.closeBrowser(VTigerRegression.java:66)
at com.vTiger.VTigerRegression.closeBrowser(VTigerRegression.java:66)
at com.vTiger.VTigerRegression.closeBrowser(VTigerRegression.java:66)
at com.vTiger.VTigerRegression.closeBrowser(VTigerRegression.java:66)
at com.vTiger.VTigerRegression.closeBrowser(VTigerRegression.java:66)
at com.vTiger.VTigerRegression.closeBrowser(VTigerRegression.java:66)
at com.vTiger.VTigerRegression.closeBrowser(VTigerRegression.java:66)
at com.vTiger.VTigerRegression.closeBrowser(VTigerRegression.java:66)
at com.vTiger.VTigerRegression.closeBrowser(VTigerRegression.java:66)
at com.vTiger.VTigerRegression.closeBrowser(VTigerRegression.java:66)
]]>
    </error>
  </testcase> <!-- closeBrowser -->
  <system-out/>
  <testcase classname="com.vTiger.VTigerRegression" name="updateExistingRecord" time="0.001">
    <skipped/>
  </testcase> <!-- updateExistingRecord -->
  <system-out/>
</testsuite> <!-- com.vTiger.VTigerRegression -->
