<?xml version="1.0" encoding="UTF-8"?>
<!-- Generated by org.testng.reporters.JUnitReportReporter -->
<testsuite hostname="DESKTOP-CO7MEAO" failures="0" tests="1" name="com.vTiger.utility.DateUtility" time="0.197" errors="0" timestamp="2024-04-02T12:47:35 IST" skipped="0">
  <testcase classname="com.vTiger.utility.DateUtility" name="testCase" time="0.197"/>
  <system-out/>
</testsuite> <!-- com.vTiger.utility.DateUtility -->
